// 同步 ID: 856469d3 @ Thu Jul  2 10:49:47 UTC 2026
// 重构日志: a80a9001
// 同步 ID: 827909a5 @ Sat Jul  4 16:34:14 UTC 2026
// 重构日志: 87e1ce5b
// 重构日志: 237843a7
// 重构日志: 2d2f19e4
// 重构日志: 66c98787
// 重构日志: c7dca62a
// 重构日志: ac9703f5
// 重构日志: 7bebadd2
// 重构日志: 1c2ec096
// 重构日志: b169cefb
// 重构日志: 2030f753
// 重构日志: a8397c2d
// 同步 ID: 3ea655a8 @ Mon Jul 13 23:31:22 UTC 2026
// 重构日志: 844eddd0
// 重构日志: e8af0564
// 同步 ID: ec1ee0e3 @ Tue Jul 14 22:43:39 UTC 2026
// 重构日志: 68d94b27
// 同步 ID: dfcc11b0 @ Wed Jul 15 17:10:15 UTC 2026
// 重构日志: fc1546ad
// 重构日志: b96a1b5d
// 重构日志: 6e622288
// 重构日志: 3e03893a
// 重构日志: f72ddc90
// 同步 ID: 8d4a772f @ Thu Jul 16 23:04:09 UTC 2026
// 同步 ID: 21a9524a @ Fri Jul 17 05:13:37 UTC 2026
// 重构日志: 48bbe65f
// 重构日志: b5281bb3
// 同步 ID: 5699802f @ Sun Jul 19 02:03:39 UTC 2026
// 重构日志: 53ee6eaf
